<?xml version="1.0" encoding="UTF-8"?>
<!-- Generated by org.testng.reporters.JUnitReportReporter -->
<testsuite hostname="LAPTOP-ITPJPPBD" failures="0" tests="3" name="test.Test_2" time="26.122" errors="0" timestamp="16 Dec 2024 06:48:50 GMT">
  <testcase classname="test.Test_2" name="orderVerifyMobile" time="8.909"/>
  <testcase classname="test.Test_2" name="orderVerifyWatch" time="8.535"/>
  <testcase classname="test.Test_2" name="signInverify" time="8.678"/>
</testsuite> <!-- test.Test_2 -->
